Jun 13, 2016 11:02:27 AM java.util.logging.LogManager$RootLogger log
INFO: Start of solver :getSolution() : Mon Jun 13 11:02:27 CEST 2016


Jun 13, 2016 11:02:27 AM java.util.logging.LogManager$RootLogger log
INFO: 
timeout(solve_mapping_problem([ 
reserved([cpu,0,exception,nmi],'cpu_ctrl_xmc4$1386348121$0'),
reserved([cpu,0,exception,hardfault],'cpu_ctrl_xmc4$487936166$0'),
reserved([cpu,0,exception,memmanage],'cpu_ctrl_xmc4$01467233271$0'),
reserved([cpu,0,exception,busfault],'cpu_ctrl_xmc4$273383731$0'),
reserved([cpu,0,exception,usagefault],'cpu_ctrl_xmc4$291942002$0'),
reserved([cpu,0,debug],'cpu_ctrl_xmc4$106579907$0'),
reserved([debug_port,0,pad,1],'cpu_ctrl_xmc4$312582226$0'),
reserved([debug_port,0,pad,0],'cpu_ctrl_xmc4$312581908$0'),
reserved([cpu,0,nvic,interrupt,5],'interrupt$01547455786$0'),
reserved([cpu,0,nvic,interrupt,8],'interrupt$02057989963$1'),
reserved([eru,1,ers_etl,2],'event_detector$574235127$0'),
reserved([eru,1,ogu,3],'event_generator$0195751183$0'),
reserved([scu,0,gcu,interrupt,erunmi,7],'event_generator$303447155$0'),
reserved([eru,1,ogu,0],'event_generator$1311800626$1'),
reserved([scu,0,gcu,interrupt,erunmi,4],'event_generator$01706656686$1'),
reserved([eru,1,ers_etl,3],'event_detector$0270236744$1'),
reserved([fce,0,kernel,0],'e_eeprom_xmc4$405621327$0'),
reserved([ccu4,1,cc4,3],'timer$01581095229$0'),
reserved([ccu4,1,global],'global_ccu4$595667498$0'),
reserved([scu,0,gcu,ccu4_global_enable,1],'global_ccu4$507149432$0'),
reserved([scu,0,clkctrl,0,pll],'clock_xmc4$1031540557$0'),
reserved([scu,0,clkctrl,0,sys],'clock_xmc4$1031543850$0'),
reserved([scu,0,clkctrl,0,cpu],'clock_xmc4$1031528197$0'),
reserved([scu,0,clkctrl,0,perbridge],'clock_xmc4$01423675773$0'),
reserved([scu,0,clkctrl,0,ccu],'clock_xmc4$1031527794$0'),
reserved([scu,0,clkctrl,0,wdt],'clock_xmc4$1031547044$0'),
reserved([scu,0,clkctrl,0,usb],'clock_xmc4$1031545569$0'),
reserved([scu,0,clkctrl,0,sdmmc],'clock_xmc4$1031537696$0'),
reserved([scu,0,pwrctrl,0,hibernate],'clock_xmc4$1598209007$0'),
reserved([scu,0,rtcclksel],'clock_xmc4$0775757514$0'),
reserved([scu,0,trap,0,sysoscwd],'clock_xmc4$044824278$0'),
reserved([scu,0,trap,0,sysvcolock],'clock_xmc4$778993097$0'),
reserved([scu,0,trap,0,usbvcolock],'clock_xmc4$01069602304$0'),
reserved([scu,0,trap,0,ulpwdg],'clock_xmc4$2129330472$0'),
reserved([cpu,0,nvic,interrupt,49],'interrupt$1726443156$2'),
reserved([ecat,0,ecat],'ecat_ssc$01379621891$0'),
reserved([p,1,pad,13],'ecat_ssc$01649125271$0'),
reserved([p,2,pad,10],'ecat_ssc$01635471661$0'),
reserved([p,0,pad,12],'ecat_ssc$1890852347$0'),
reserved([p,3,pad,3],'ecat_ssc$01463025426$0'),
reserved([p,1,pad,11],'ecat_ssc$1022326937$0'),
reserved([p,1,pad,10],'ecat_ssc$1022314355$0'),
reserved([p,1,pad,12],'ecat_ssc$1439524992$0'),
reserved([p,0,pad,11],'ecat_ssc$1439524993$0'),
reserved([p,1,pad,15],'ecat_ssc$01244209829$0'),
reserved([p,1,pad,1],'ecat_ssc$01499560758$0'),
reserved([p,1,pad,9],'ecat_ssc$90174442$0'),
reserved([p,1,pad,4],'ecat_ssc$01244017037$0'),
reserved([p,5,pad,1],'ecat_ssc$01244017036$0'),
reserved([p,5,pad,2],'ecat_ssc$01244017035$0'),
reserved([p,5,pad,7],'ecat_ssc$01244017034$0'),
reserved([p,2,pad,6],'ecat_ssc$01499558643$0'),
reserved([p,1,pad,6],'ecat_ssc$01243957455$0'),
reserved([p,1,pad,7],'ecat_ssc$01243957454$0'),
reserved([p,1,pad,8],'ecat_ssc$01243957453$0'),
reserved([p,1,pad,2],'ecat_ssc$01243957452$0'),
reserved([p,1,pad,3],'ecat_ssc$01442300482$0'),
reserved([p,1,pad,0],'ecat_ssc$01442302456$0'),
reserved([p,15,pad,3],'ecat_ssc$01215580678$0'),
reserved([p,14,pad,6],'ecat_ssc$243249577$0'),
reserved([p,14,pad,15],'ecat_ssc$977678123$0'),
reserved([p,14,pad,7],'ecat_ssc$01215387886$0'),
reserved([p,14,pad,12],'ecat_ssc$01215387885$0'),
reserved([p,14,pad,13],'ecat_ssc$01215387884$0'),
reserved([p,14,pad,14],'ecat_ssc$01215387883$0'),
reserved([p,15,pad,2],'ecat_ssc$243251692$0'),
reserved([p,3,pad,1],'ecat_ssc$01215328304$0'),
reserved([p,3,pad,2],'ecat_ssc$01215328303$0'),
reserved([p,0,pad,2],'ecat_ssc$01215328302$0'),
reserved([p,0,pad,3],'ecat_ssc$01215328301$0'),
reserved([p,3,pad,0],'ecat_ssc$300509853$0'),
reserved([p,0,pad,10],'ecat_ssc$300507879$0'),
reserved([devicepackage,0,70],'ecat_ssc$624056627$0'),
reserved([devicepackage,0,44],'ecat_ssc$637710237$0'),
reserved([devicepackage,0,94],'ecat_ssc$1488406257$0'),
reserved([devicepackage,0,93],'ecat_ssc$602202424$0'),
reserved([devicepackage,0,72],'ecat_ssc$0995417117$0'),
reserved([devicepackage,0,73],'ecat_ssc$0995429699$0'),
reserved([devicepackage,0,71],'ecat_ssc$02072630838$0'),
reserved([devicepackage,0,95],'ecat_ssc$02072630837$0'),
reserved([devicepackage,0,75],'ecat_ssc$1033206205$0'),
reserved([devicepackage,0,57],'ecat_ssc$1033206206$0'),
reserved([devicepackage,0,56],'ecat_ssc$1033206207$0'),
reserved([devicepackage,0,55],'ecat_ssc$1033206208$0'),
reserved([devicepackage,0,80],'ecat_ssc$1964618208$0'),
reserved([devicepackage,0,54],'ecat_ssc$773623255$0'),
reserved([devicepackage,0,78],'ecat_ssc$773621140$0'),
reserved([devicepackage,0,68],'ecat_ssc$1033013413$0'),
reserved([devicepackage,0,24],'ecat_ssc$1061835356$0'),
reserved([devicepackage,0,23],'ecat_ssc$1061835357$0'),
reserved([devicepackage,0,22],'ecat_ssc$1061835358$0'),
reserved([devicepackage,0,21],'ecat_ssc$1061835359$0'),
reserved([devicepackage,0,20],'ecat_ssc$01442845407$0'),
reserved([devicepackage,0,19],'ecat_ssc$01778533706$0'),
reserved([devicepackage,0,25],'ecat_ssc$01778535821$0'),
reserved([devicepackage,0,18],'ecat_ssc$1061642564$0'),
reserved([devicepackage,0,83],'ecat_ssc$1033265787$0'),
reserved([devicepackage,0,82],'ecat_ssc$1033265788$0'),
reserved([devicepackage,0,81],'ecat_ssc$1033265789$0'),
reserved([devicepackage,0,77],'ecat_ssc$1033265790$0'),
reserved([devicepackage,0,79],'ecat_ssc$830879442$0'),
reserved([devicepackage,0,76],'ecat_ssc$830881416$0'),
reserved([devicepackage,0,6],'ecat_ssc$1061894938$0'),
reserved([devicepackage,0,5],'ecat_ssc$1061894939$0'),
reserved([devicepackage,0,100],'ecat_ssc$1061894940$0'),
reserved([devicepackage,0,99],'ecat_ssc$1061894941$0'),
reserved([devicepackage,0,3],'ecat_ssc$01721277519$0'),
reserved([devicepackage,0,7],'ecat_ssc$01721275545$0')
 ],Vars,Regs,Appslocalvars),15,writeln(timeout),all_solution, Timer, Due, Remainder).


Jun 13, 2016 11:02:28 AM java.util.logging.LogManager$RootLogger log
INFO: 
End of solver : getSolution() :  Difference in ms 439


Jun 13, 2016 3:51:04 PM java.util.logging.LogManager$RootLogger log
INFO: Start of solver :getSolution() : Mon Jun 13 15:51:04 CEST 2016


Jun 13, 2016 3:51:04 PM java.util.logging.LogManager$RootLogger log
INFO: 
timeout(solve_mapping_problem([ 
reserved([cpu,0,exception,nmi],'cpu_ctrl_xmc4$1386348121$0'),
reserved([cpu,0,exception,hardfault],'cpu_ctrl_xmc4$487936166$0'),
reserved([cpu,0,exception,memmanage],'cpu_ctrl_xmc4$01467233271$0'),
reserved([cpu,0,exception,busfault],'cpu_ctrl_xmc4$273383731$0'),
reserved([cpu,0,exception,usagefault],'cpu_ctrl_xmc4$291942002$0'),
reserved([cpu,0,debug],'cpu_ctrl_xmc4$106579907$0'),
reserved([debug_port,0,pad,1],'cpu_ctrl_xmc4$312582226$0'),
reserved([debug_port,0,pad,0],'cpu_ctrl_xmc4$312581908$0'),
reserved([cpu,0,nvic,interrupt,5],'interrupt$01547455786$0'),
reserved([cpu,0,nvic,interrupt,8],'interrupt$02057989963$1'),
reserved([eru,1,ers_etl,2],'event_detector$574235127$0'),
reserved([eru,1,ogu,3],'event_generator$0195751183$0'),
reserved([scu,0,gcu,interrupt,erunmi,7],'event_generator$303447155$0'),
reserved([eru,1,ogu,0],'event_generator$1311800626$1'),
reserved([scu,0,gcu,interrupt,erunmi,4],'event_generator$01706656686$1'),
reserved([eru,1,ers_etl,3],'event_detector$0270236744$1'),
reserved([fce,0,kernel,0],'e_eeprom_xmc4$405621327$0'),
reserved([ccu4,1,cc4,3],'timer$01581095229$0'),
reserved([ccu4,1,global],'global_ccu4$595667498$0'),
reserved([scu,0,gcu,ccu4_global_enable,1],'global_ccu4$507149432$0'),
reserved([scu,0,clkctrl,0,pll],'clock_xmc4$1031540557$0'),
reserved([scu,0,clkctrl,0,sys],'clock_xmc4$1031543850$0'),
reserved([scu,0,clkctrl,0,cpu],'clock_xmc4$1031528197$0'),
reserved([scu,0,clkctrl,0,perbridge],'clock_xmc4$01423675773$0'),
reserved([scu,0,clkctrl,0,ccu],'clock_xmc4$1031527794$0'),
reserved([scu,0,clkctrl,0,wdt],'clock_xmc4$1031547044$0'),
reserved([scu,0,clkctrl,0,usb],'clock_xmc4$1031545569$0'),
reserved([scu,0,clkctrl,0,sdmmc],'clock_xmc4$1031537696$0'),
reserved([scu,0,pwrctrl,0,hibernate],'clock_xmc4$1598209007$0'),
reserved([scu,0,rtcclksel],'clock_xmc4$0775757514$0'),
reserved([scu,0,trap,0,sysoscwd],'clock_xmc4$044824278$0'),
reserved([scu,0,trap,0,sysvcolock],'clock_xmc4$778993097$0'),
reserved([scu,0,trap,0,usbvcolock],'clock_xmc4$01069602304$0'),
reserved([scu,0,trap,0,ulpwdg],'clock_xmc4$2129330472$0'),
reserved([cpu,0,nvic,interrupt,49],'interrupt$1726443156$2'),
reserved([ecat,0,ecat],'ecat_ssc$01379621891$0'),
reserved([p,1,pad,13],'ecat_ssc$01649125271$0'),
reserved([p,2,pad,10],'ecat_ssc$01635471661$0'),
reserved([p,0,pad,12],'ecat_ssc$1890852347$0'),
reserved([p,3,pad,3],'ecat_ssc$01463025426$0'),
reserved([p,1,pad,11],'ecat_ssc$1022326937$0'),
reserved([p,1,pad,10],'ecat_ssc$1022314355$0'),
reserved([p,1,pad,12],'ecat_ssc$1439524992$0'),
reserved([p,0,pad,11],'ecat_ssc$1439524993$0'),
reserved([p,1,pad,15],'ecat_ssc$01244209829$0'),
reserved([p,1,pad,1],'ecat_ssc$01499560758$0'),
reserved([p,1,pad,9],'ecat_ssc$90174442$0'),
reserved([p,1,pad,4],'ecat_ssc$01244017037$0'),
reserved([p,5,pad,1],'ecat_ssc$01244017036$0'),
reserved([p,5,pad,2],'ecat_ssc$01244017035$0'),
reserved([p,5,pad,7],'ecat_ssc$01244017034$0'),
reserved([p,2,pad,6],'ecat_ssc$01499558643$0'),
reserved([p,1,pad,6],'ecat_ssc$01243957455$0'),
reserved([p,1,pad,7],'ecat_ssc$01243957454$0'),
reserved([p,1,pad,8],'ecat_ssc$01243957453$0'),
reserved([p,1,pad,2],'ecat_ssc$01243957452$0'),
reserved([p,1,pad,3],'ecat_ssc$01442300482$0'),
reserved([p,1,pad,0],'ecat_ssc$01442302456$0'),
reserved([p,15,pad,3],'ecat_ssc$01215580678$0'),
reserved([p,14,pad,6],'ecat_ssc$243249577$0'),
reserved([p,14,pad,15],'ecat_ssc$977678123$0'),
reserved([p,14,pad,7],'ecat_ssc$01215387886$0'),
reserved([p,14,pad,12],'ecat_ssc$01215387885$0'),
reserved([p,14,pad,13],'ecat_ssc$01215387884$0'),
reserved([p,14,pad,14],'ecat_ssc$01215387883$0'),
reserved([p,15,pad,2],'ecat_ssc$243251692$0'),
reserved([p,3,pad,1],'ecat_ssc$01215328304$0'),
reserved([p,3,pad,2],'ecat_ssc$01215328303$0'),
reserved([p,0,pad,2],'ecat_ssc$01215328302$0'),
reserved([p,0,pad,3],'ecat_ssc$01215328301$0'),
reserved([p,3,pad,0],'ecat_ssc$300509853$0'),
reserved([p,0,pad,10],'ecat_ssc$300507879$0'),
reserved([devicepackage,0,70],'ecat_ssc$624056627$0'),
reserved([devicepackage,0,44],'ecat_ssc$637710237$0'),
reserved([devicepackage,0,94],'ecat_ssc$1488406257$0'),
reserved([devicepackage,0,93],'ecat_ssc$602202424$0'),
reserved([devicepackage,0,72],'ecat_ssc$0995417117$0'),
reserved([devicepackage,0,73],'ecat_ssc$0995429699$0'),
reserved([devicepackage,0,71],'ecat_ssc$02072630838$0'),
reserved([devicepackage,0,95],'ecat_ssc$02072630837$0'),
reserved([devicepackage,0,75],'ecat_ssc$1033206205$0'),
reserved([devicepackage,0,57],'ecat_ssc$1033206206$0'),
reserved([devicepackage,0,56],'ecat_ssc$1033206207$0'),
reserved([devicepackage,0,55],'ecat_ssc$1033206208$0'),
reserved([devicepackage,0,80],'ecat_ssc$1964618208$0'),
reserved([devicepackage,0,54],'ecat_ssc$773623255$0'),
reserved([devicepackage,0,78],'ecat_ssc$773621140$0'),
reserved([devicepackage,0,68],'ecat_ssc$1033013413$0'),
reserved([devicepackage,0,24],'ecat_ssc$1061835356$0'),
reserved([devicepackage,0,23],'ecat_ssc$1061835357$0'),
reserved([devicepackage,0,22],'ecat_ssc$1061835358$0'),
reserved([devicepackage,0,21],'ecat_ssc$1061835359$0'),
reserved([devicepackage,0,20],'ecat_ssc$01442845407$0'),
reserved([devicepackage,0,19],'ecat_ssc$01778533706$0'),
reserved([devicepackage,0,25],'ecat_ssc$01778535821$0'),
reserved([devicepackage,0,18],'ecat_ssc$1061642564$0'),
reserved([devicepackage,0,83],'ecat_ssc$1033265787$0'),
reserved([devicepackage,0,82],'ecat_ssc$1033265788$0'),
reserved([devicepackage,0,81],'ecat_ssc$1033265789$0'),
reserved([devicepackage,0,77],'ecat_ssc$1033265790$0'),
reserved([devicepackage,0,79],'ecat_ssc$830879442$0'),
reserved([devicepackage,0,76],'ecat_ssc$830881416$0'),
reserved([devicepackage,0,6],'ecat_ssc$1061894938$0'),
reserved([devicepackage,0,5],'ecat_ssc$1061894939$0'),
reserved([devicepackage,0,100],'ecat_ssc$1061894940$0'),
reserved([devicepackage,0,99],'ecat_ssc$1061894941$0'),
reserved([devicepackage,0,3],'ecat_ssc$01721277519$0'),
reserved([devicepackage,0,7],'ecat_ssc$01721275545$0')
 ],Vars,Regs,Appslocalvars),15,writeln(timeout),all_solution, Timer, Due, Remainder).


Jun 13, 2016 3:51:05 PM java.util.logging.LogManager$RootLogger log
INFO: 
End of solver : getSolution() :  Difference in ms 351


